[2014-07-04 15:36:10,208]  INFO {org.wso2.carbon.automation.core.PlatformExecutionManager:65} -  ---------------Test Execution Started --------------------------
[2014-07-04 15:36:10,227]  INFO {org.wso2.carbon.automation.core.ServerGroupManager:78} -  Carbon zip file - /home/manil/projects/github/esb-connectors/soundcloud/soundcloud-connector/souncloud-connector-1.0.0/../test/wso2esb-4.8.1.zip
[2014-07-04 15:36:10,238] ERROR {org.wso2.carbon.automation.core.utils.fileutils.ArchiveExtractor:84} -  Error on archive extraction 
java.io.FileNotFoundException: /home/manil/projects/github/esb-connectors/soundcloud/soundcloud-connector/souncloud-connector-1.0.0/../test/wso2esb-4.8.1.zip (No such file or directory)
	at java.io.FileInputStream.open(Native Method)
	at java.io.FileInputStream.<init>(FileInputStream.java:146)
	at java.io.FileInputStream.<init>(FileInputStream.java:101)
	at org.wso2.carbon.automation.core.utils.fileutils.ArchiveExtractor.extractFile(ArchiveExtractor.java:43)
	at org.wso2.carbon.automation.core.utils.serverutils.ServerUtils.setUpCarbonHome(ServerUtils.java:177)
	at org.wso2.carbon.automation.core.ServerGroupManager.startServer(ServerGroupManager.java:84)
	at org.wso2.carbon.automation.core.ServerGroupManager.startServersForBuilder(ServerGroupManager.java:98)
	at org.wso2.carbon.automation.core.PlatformExecutionManager.startSevers(PlatformExecutionManager.java:187)
	at org.wso2.carbon.automation.core.PlatformExecutionManager.onExecutionStart(PlatformExecutionManager.java:76)
	at org.testng.TestNG.runExecutionListeners(TestNG.java:1032)
	at org.testng.TestNG.run(TestNG.java:983)
	at org.apache.maven.surefire.testng.TestNGExecutor.run(TestNGExecutor.java:178)
	at org.apache.maven.surefire.testng.TestNGXmlTestSuite.execute(TestNGXmlTestSuite.java:92)
	at org.apache.maven.surefire.testng.TestNGProvider.invoke(TestNGProvider.java:96)
	at sun.reflect.NativeMethodAccessorImpl.invoke0(Native Method)
	at sun.reflect.NativeMethodAccessorImpl.invoke(NativeMethodAccessorImpl.java:57)
	at sun.reflect.DelegatingMethodAccessorImpl.invoke(DelegatingMethodAccessorImpl.java:43)
	at java.lang.reflect.Method.invoke(Method.java:606)
	at org.apache.maven.surefire.util.ReflectionUtils.invokeMethodWithArray(ReflectionUtils.java:189)
	at org.apache.maven.surefire.booter.ProviderFactory$ProviderProxy.invoke(ProviderFactory.java:165)
	at org.apache.maven.surefire.booter.ProviderFactory.invokeProvider(ProviderFactory.java:85)
	at org.apache.maven.surefire.booter.ForkedBooter.runSuitesInProcess(ForkedBooter.java:115)
	at org.apache.maven.surefire.booter.ForkedBooter.main(ForkedBooter.java:75)
[2014-07-04 15:36:10,241] ERROR {org.wso2.carbon.automation.core.PlatformExecutionManager:193} -  Unable to start servers 
java.io.IOException: Error on archive extraction 
	at org.wso2.carbon.automation.core.utils.fileutils.ArchiveExtractor.extractFile(ArchiveExtractor.java:85)
	at org.wso2.carbon.automation.core.utils.serverutils.ServerUtils.setUpCarbonHome(ServerUtils.java:177)
	at org.wso2.carbon.automation.core.ServerGroupManager.startServer(ServerGroupManager.java:84)
	at org.wso2.carbon.automation.core.ServerGroupManager.startServersForBuilder(ServerGroupManager.java:98)
	at org.wso2.carbon.automation.core.PlatformExecutionManager.startSevers(PlatformExecutionManager.java:187)
	at org.wso2.carbon.automation.core.PlatformExecutionManager.onExecutionStart(PlatformExecutionManager.java:76)
	at org.testng.TestNG.runExecutionListeners(TestNG.java:1032)
	at org.testng.TestNG.run(TestNG.java:983)
	at org.apache.maven.surefire.testng.TestNGExecutor.run(TestNGExecutor.java:178)
	at org.apache.maven.surefire.testng.TestNGXmlTestSuite.execute(TestNGXmlTestSuite.java:92)
	at org.apache.maven.surefire.testng.TestNGProvider.invoke(TestNGProvider.java:96)
	at sun.reflect.NativeMethodAccessorImpl.invoke0(Native Method)
	at sun.reflect.NativeMethodAccessorImpl.invoke(NativeMethodAccessorImpl.java:57)
	at sun.reflect.DelegatingMethodAccessorImpl.invoke(DelegatingMethodAccessorImpl.java:43)
	at java.lang.reflect.Method.invoke(Method.java:606)
	at org.apache.maven.surefire.util.ReflectionUtils.invokeMethodWithArray(ReflectionUtils.java:189)
	at org.apache.maven.surefire.booter.ProviderFactory$ProviderProxy.invoke(ProviderFactory.java:165)
	at org.apache.maven.surefire.booter.ProviderFactory.invokeProvider(ProviderFactory.java:85)
	at org.apache.maven.surefire.booter.ForkedBooter.runSuitesInProcess(ForkedBooter.java:115)
	at org.apache.maven.surefire.booter.ForkedBooter.main(ForkedBooter.java:75)
Caused by: java.io.FileNotFoundException: /home/manil/projects/github/esb-connectors/soundcloud/soundcloud-connector/souncloud-connector-1.0.0/../test/wso2esb-4.8.1.zip (No such file or directory)
	at java.io.FileInputStream.open(Native Method)
	at java.io.FileInputStream.<init>(FileInputStream.java:146)
	at java.io.FileInputStream.<init>(FileInputStream.java:101)
	at org.wso2.carbon.automation.core.utils.fileutils.ArchiveExtractor.extractFile(ArchiveExtractor.java:43)
	... 19 more
[2014-07-04 15:36:10,822]  INFO {org.wso2.carbon.automation.core.PlatformSuiteManager:76} -  **********Starting executing test Suite ESBTestSuite on user***********
[2014-07-04 15:36:10,826]  INFO {org.wso2.carbon.automation.core.UserPopulator:61} -  Populating Users....
[2014-07-04 15:36:11,766]  INFO {org.wso2.carbon.automation.api.clients.authenticators.AuthenticatorClient:64} -  Login Successful
[2014-07-04 15:36:11,875]  INFO {org.wso2.carbon.automation.core.UserPopulator:97} -  Populate user to ESB server
[2014-07-04 15:36:11,962]  INFO {org.wso2.carbon.automation.api.clients.authenticators.AuthenticatorClient:64} -  Login Successful
[2014-07-04 15:36:12,181]  INFO {org.wso2.carbon.automation.api.clients.user.mgt.UserManagementClient:216} -  Role name testRole already exists
[2014-07-04 15:36:12,231]  INFO {org.wso2.carbon.automation.api.clients.user.mgt.UserManagementClient:266} -  User name adminuser already exists
[2014-07-04 15:36:12,268]  INFO {org.wso2.carbon.automation.api.clients.user.mgt.UserManagementClient:266} -  User name testuser2 already exists
[2014-07-04 15:36:12,302]  INFO {org.wso2.carbon.automation.api.clients.user.mgt.UserManagementClient:266} -  User name testuser3 already exists
[2014-07-04 15:36:12,345]  INFO {org.wso2.carbon.automation.api.clients.user.mgt.UserManagementClient:266} -  User name testuser4 already exists
[2014-07-04 15:36:12,381]  INFO {org.wso2.carbon.automation.api.clients.user.mgt.UserManagementClient:266} -  User name testuser5 already exists
[2014-07-04 15:36:12,417]  INFO {org.wso2.carbon.automation.api.clients.user.mgt.UserManagementClient:266} -  User name testuser6 already exists
[2014-07-04 15:36:12,455]  INFO {org.wso2.carbon.automation.api.clients.user.mgt.UserManagementClient:266} -  User name testuser7 already exists
[2014-07-04 15:36:12,491]  INFO {org.wso2.carbon.automation.api.clients.user.mgt.UserManagementClient:266} -  User name testuser8 already exists
[2014-07-04 15:36:12,526]  INFO {org.wso2.carbon.automation.api.clients.user.mgt.UserManagementClient:266} -  User name testuser9 already exists
[2014-07-04 15:36:12,565]  INFO {org.wso2.carbon.automation.api.clients.user.mgt.UserManagementClient:266} -  User name testuser10 already exists
[2014-07-04 15:36:12,602]  INFO {org.wso2.carbon.automation.api.clients.user.mgt.UserManagementClient:266} -  User name testuser11 already exists
[2014-07-04 15:36:12,643]  INFO {org.wso2.carbon.automation.api.clients.user.mgt.UserManagementClient:266} -  User name testuser12 already exists
[2014-07-04 15:36:12,674]  INFO {org.wso2.carbon.automation.api.clients.user.mgt.UserManagementClient:266} -  User name testuser13 already exists
[2014-07-04 15:36:12,716]  INFO {org.wso2.carbon.automation.api.clients.user.mgt.UserManagementClient:266} -  User name testuser14 already exists
[2014-07-04 15:36:12,750]  INFO {org.wso2.carbon.automation.api.clients.user.mgt.UserManagementClient:266} -  User name testuser15 already exists
[2014-07-04 15:36:12,752]  INFO {org.wso2.carbon.automation.core.PlatformTestManager:102} -  --------------Start executing test class Soundcloud-Connector-Test on suiteESBTestSuite--------
[2014-07-04 15:36:12,879]  INFO {org.wso2.carbon.automation.api.clients.authenticators.AuthenticatorClient:64} -  Login Successful
[2014-07-04 15:36:12,900]  INFO {org.apache.axis2.deployment.DeploymentEngine:1100} -  No services directory was found under /home/manil/projects/github/esb-connectors/soundcloud/soundcloud-connector/souncloud-connector-1.0.0/src/test/resources/client.
[2014-07-04 15:36:13,147]  INFO {org.wso2.carbon.connector.integration.test.soundcloud.SoundcloudConnectorIntegrationTest:155} -  Sleeping for 30 seconds for connector to upload.
[2014-07-04 15:36:43,171]  INFO {org.wso2.carbon.connector.integration.test.soundcloud.SoundcloudConnectorIntegrationTest:161} -  Connector upload incomplete. Waiting...
[2014-07-04 15:36:43,172]  INFO {org.wso2.carbon.connector.integration.test.soundcloud.SoundcloudConnectorIntegrationTest:155} -  Sleeping for 15 seconds for connector to upload.
[2014-07-04 15:36:58,185]  INFO {org.wso2.carbon.connector.integration.test.soundcloud.SoundcloudConnectorIntegrationTest:161} -  Connector upload incomplete. Waiting...
[2014-07-04 15:36:58,186]  INFO {org.wso2.carbon.connector.integration.test.soundcloud.SoundcloudConnectorIntegrationTest:155} -  Sleeping for 7 seconds for connector to upload.
[2014-07-04 15:37:05,698]  INFO {org.wso2.carbon.connector.integration.test.soundcloud.SoundcloudConnectorIntegrationTest:161} -  Connector upload incomplete. Waiting...
[2014-07-04 15:37:05,944]  INFO {org.wso2.carbon.automation.api.clients.proxy.admin.ProxyServiceAdminClient:131} -  Proxy Added
[2014-07-04 15:37:05,951]  INFO {org.wso2.carbon.automation.core.PlatformTestManager:46} -  Running the test method --- org.wso2.carbon.connector.integration.test.soundcloud.SoundcloudConnectorIntegrationTest.testDeleteCommentOfTrackWithNegativeCase ----
[2014-07-04 15:37:06,943]  INFO {org.wso2.carbon.automation.core.PlatformTestManager:58} -  On test success..
[2014-07-04 15:37:06,945]  INFO {org.wso2.carbon.automation.core.PlatformTestManager:46} -  Running the test method --- org.wso2.carbon.connector.integration.test.soundcloud.SoundcloudConnectorIntegrationTest.testGetAppByIdWithMandatoryParameters ----
[2014-07-04 15:37:07,748]  INFO {org.wso2.carbon.automation.core.PlatformTestManager:58} -  On test success..
[2014-07-04 15:37:07,749]  INFO {org.wso2.carbon.automation.core.PlatformTestManager:46} -  Running the test method --- org.wso2.carbon.connector.integration.test.soundcloud.SoundcloudConnectorIntegrationTest.testGetAppsWithMandatoryParameters ----
[2014-07-04 15:37:08,790]  INFO {org.wso2.carbon.automation.core.PlatformTestManager:58} -  On test success..
[2014-07-04 15:37:08,792]  INFO {org.wso2.carbon.automation.core.PlatformTestManager:46} -  Running the test method --- org.wso2.carbon.connector.integration.test.soundcloud.SoundcloudConnectorIntegrationTest.testGetCommentOfTrackWithMandatoryParameters ----
[2014-07-04 15:37:09,163]  INFO {org.wso2.carbon.automation.core.PlatformTestManager:58} -  On test success..
[2014-07-04 15:37:09,164]  INFO {org.wso2.carbon.automation.core.PlatformTestManager:46} -  Running the test method --- org.wso2.carbon.connector.integration.test.soundcloud.SoundcloudConnectorIntegrationTest.testGetCommentsByIdOfTrackWithMandatoryParameters ----
[2014-07-04 15:37:10,239]  INFO {org.wso2.carbon.automation.core.PlatformTestManager:58} -  On test success..
[2014-07-04 15:37:10,241]  INFO {org.wso2.carbon.automation.core.PlatformTestManager:46} -  Running the test method --- org.wso2.carbon.connector.integration.test.soundcloud.SoundcloudConnectorIntegrationTest.testGetContributorsOfGroupByIdWithMandatoryParameters ----
[2014-07-04 15:37:14,540]  INFO {org.wso2.carbon.automation.core.PlatformTestManager:58} -  On test success..
[2014-07-04 15:37:14,542]  INFO {org.wso2.carbon.automation.core.PlatformTestManager:46} -  Running the test method --- org.wso2.carbon.connector.integration.test.soundcloud.SoundcloudConnectorIntegrationTest.testGetEmbedContentWithMandatoryParameters ----
[2014-07-04 15:37:16,144]  INFO {org.wso2.carbon.automation.core.PlatformTestManager:58} -  On test success..
[2014-07-04 15:37:16,146]  INFO {org.wso2.carbon.automation.core.PlatformTestManager:46} -  Running the test method --- org.wso2.carbon.connector.integration.test.soundcloud.SoundcloudConnectorIntegrationTest.testGetFavoritersByIdOfTrackWithMandatoryParameters ----
[2014-07-04 15:37:16,620]  INFO {org.wso2.carbon.automation.core.PlatformTestManager:58} -  On test success..
[2014-07-04 15:37:16,622]  INFO {org.wso2.carbon.automation.core.PlatformTestManager:46} -  Running the test method --- org.wso2.carbon.connector.integration.test.soundcloud.SoundcloudConnectorIntegrationTest.testGetGroupByIdWithMandatoryParameters ----
[2014-07-04 15:37:17,149]  INFO {org.wso2.carbon.automation.core.PlatformTestManager:58} -  On test success..
[2014-07-04 15:37:17,151]  INFO {org.wso2.carbon.automation.core.PlatformTestManager:46} -  Running the test method --- org.wso2.carbon.connector.integration.test.soundcloud.SoundcloudConnectorIntegrationTest.testGetGroupsWithMandatoryParameters ----
[2014-07-04 15:37:35,809]  INFO {org.wso2.carbon.automation.core.PlatformTestManager:58} -  On test success..
[2014-07-04 15:37:35,810]  INFO {org.wso2.carbon.automation.core.PlatformTestManager:46} -  Running the test method --- org.wso2.carbon.connector.integration.test.soundcloud.SoundcloudConnectorIntegrationTest.testGetMembersOfGroupByIdWithMandatoryParameters ----
[2014-07-04 15:37:43,166]  INFO {org.wso2.carbon.automation.core.PlatformTestManager:58} -  On test success..
[2014-07-04 15:37:43,167]  INFO {org.wso2.carbon.automation.core.PlatformTestManager:46} -  Running the test method --- org.wso2.carbon.connector.integration.test.soundcloud.SoundcloudConnectorIntegrationTest.testGetModeratorsOfGroupByIdWithMandatoryParameters ----
[2014-07-04 15:37:43,564]  INFO {org.wso2.carbon.automation.core.PlatformTestManager:58} -  On test success..
[2014-07-04 15:37:43,595]  INFO {org.wso2.carbon.automation.core.PlatformTestManager:46} -  Running the test method --- org.wso2.carbon.connector.integration.test.soundcloud.SoundcloudConnectorIntegrationTest.testGetPlaylistByIdWithMandatoryParameters ----
[2014-07-04 15:37:44,016]  INFO {org.wso2.carbon.automation.core.PlatformTestManager:58} -  On test success..
[2014-07-04 15:37:44,017]  INFO {org.wso2.carbon.automation.core.PlatformTestManager:46} -  Running the test method --- org.wso2.carbon.connector.integration.test.soundcloud.SoundcloudConnectorIntegrationTest.testGetTrackByIdWithMandatoryParameters ----
[2014-07-04 15:37:44,332]  INFO {org.wso2.carbon.automation.core.PlatformTestManager:58} -  On test success..
[2014-07-04 15:37:44,334]  INFO {org.wso2.carbon.automation.core.PlatformTestManager:46} -  Running the test method --- org.wso2.carbon.connector.integration.test.soundcloud.SoundcloudConnectorIntegrationTest.testGetTracksOfAppWithMandatoryParameters ----
[2014-07-04 15:37:47,796]  INFO {org.wso2.carbon.automation.core.PlatformTestManager:58} -  On test success..
[2014-07-04 15:37:47,798]  INFO {org.wso2.carbon.automation.core.PlatformTestManager:46} -  Running the test method --- org.wso2.carbon.connector.integration.test.soundcloud.SoundcloudConnectorIntegrationTest.testGetTracksOfGroupByIdWithMandatoryParameters ----
[2014-07-04 15:37:51,904]  INFO {org.wso2.carbon.automation.core.PlatformTestManager:58} -  On test success..
[2014-07-04 15:37:51,906]  INFO {org.wso2.carbon.automation.core.PlatformTestManager:46} -  Running the test method --- org.wso2.carbon.connector.integration.test.soundcloud.SoundcloudConnectorIntegrationTest.testGetTracksWithMandatoryParameters ----
[2014-07-04 15:37:54,308]  INFO {org.wso2.carbon.automation.core.PlatformTestManager:58} -  On test success..
[2014-07-04 15:37:54,309]  INFO {org.wso2.carbon.automation.core.PlatformTestManager:46} -  Running the test method --- org.wso2.carbon.connector.integration.test.soundcloud.SoundcloudConnectorIntegrationTest.testGetUsersOfGroupByIdWithMandatoryParameters ----
[2014-07-04 15:38:07,256]  INFO {org.wso2.carbon.automation.core.PlatformTestManager:58} -  On test success..
[2014-07-04 15:38:07,258]  INFO {org.wso2.carbon.automation.core.PlatformTestManager:46} -  Running the test method --- org.wso2.carbon.connector.integration.test.soundcloud.SoundcloudConnectorIntegrationTest.testResolveAllGroupsOfUserWithMandatoryParameters ----
[2014-07-04 15:38:08,963]  INFO {org.wso2.carbon.automation.core.PlatformTestManager:58} -  On test success..
[2014-07-04 15:38:08,965]  INFO {org.wso2.carbon.automation.core.PlatformTestManager:46} -  Running the test method --- org.wso2.carbon.connector.integration.test.soundcloud.SoundcloudConnectorIntegrationTest.testResolveAllTracksOfUserWithMandatoryParameters ----
[2014-07-04 15:38:09,937]  INFO {org.wso2.carbon.automation.core.PlatformTestManager:58} -  On test success..
[2014-07-04 15:38:09,938]  INFO {org.wso2.carbon.automation.core.PlatformTestManager:46} -  Running the test method --- org.wso2.carbon.connector.integration.test.soundcloud.SoundcloudConnectorIntegrationTest.testResolveAppWithMandatoryParameters ----
[2014-07-04 15:38:10,916]  INFO {org.wso2.carbon.automation.core.PlatformTestManager:58} -  On test success..
[2014-07-04 15:38:10,918]  INFO {org.wso2.carbon.automation.core.PlatformTestManager:46} -  Running the test method --- org.wso2.carbon.connector.integration.test.soundcloud.SoundcloudConnectorIntegrationTest.testResolveTrackWithMandatoryParameters ----
[2014-07-04 15:38:11,901]  INFO {org.wso2.carbon.automation.core.PlatformTestManager:58} -  On test success..
[2014-07-04 15:38:11,903]  INFO {org.wso2.carbon.automation.core.PlatformTestManager:46} -  Running the test method --- org.wso2.carbon.connector.integration.test.soundcloud.SoundcloudConnectorIntegrationTest.testResolveUserWithMandatoryParameters ----
[2014-07-04 15:38:12,848]  INFO {org.wso2.carbon.automation.core.PlatformTestManager:58} -  On test success..
[2014-07-04 15:38:12,850]  INFO {org.wso2.carbon.automation.core.PlatformTestManager:46} -  Running the test method --- org.wso2.carbon.connector.integration.test.soundcloud.SoundcloudConnectorIntegrationTest.testSoundcloudActivitiesAffiliatedOptional ----
[2014-07-04 15:38:14,327]  INFO {org.wso2.carbon.automation.core.PlatformTestManager:58} -  On test success..
[2014-07-04 15:38:14,329]  INFO {org.wso2.carbon.automation.core.PlatformTestManager:46} -  Running the test method --- org.wso2.carbon.connector.integration.test.soundcloud.SoundcloudConnectorIntegrationTest.testSoundcloudActivitiesAffiliatedPositive ----
[2014-07-04 15:38:17,829]  INFO {org.wso2.carbon.automation.core.PlatformTestManager:58} -  On test success..
[2014-07-04 15:38:17,831]  INFO {org.wso2.carbon.automation.core.PlatformTestManager:46} -  Running the test method --- org.wso2.carbon.connector.integration.test.soundcloud.SoundcloudConnectorIntegrationTest.testSoundcloudActivitiesExclusiveOptional ----
[2014-07-04 15:38:18,263]  INFO {org.wso2.carbon.automation.core.PlatformTestManager:58} -  On test success..
[2014-07-04 15:38:18,265]  INFO {org.wso2.carbon.automation.core.PlatformTestManager:46} -  Running the test method --- org.wso2.carbon.connector.integration.test.soundcloud.SoundcloudConnectorIntegrationTest.testSoundcloudActivitiesExclusivePositive ----
[2014-07-04 15:38:18,712]  INFO {org.wso2.carbon.automation.core.PlatformTestManager:58} -  On test success..
[2014-07-04 15:38:18,714]  INFO {org.wso2.carbon.automation.core.PlatformTestManager:46} -  Running the test method --- org.wso2.carbon.connector.integration.test.soundcloud.SoundcloudConnectorIntegrationTest.testSoundcloudActivitiesPositive ----
[2014-07-04 15:38:22,825]  INFO {org.wso2.carbon.automation.core.PlatformTestManager:58} -  On test success..
[2014-07-04 15:38:22,826]  INFO {org.wso2.carbon.automation.core.PlatformTestManager:46} -  Running the test method --- org.wso2.carbon.connector.integration.test.soundcloud.SoundcloudConnectorIntegrationTest.testSoundcloudAllActivitiesPositive ----
[2014-07-04 15:38:25,822]  INFO {org.wso2.carbon.automation.core.PlatformTestManager:58} -  On test success..
[2014-07-04 15:38:25,824]  INFO {org.wso2.carbon.automation.core.PlatformTestManager:46} -  Running the test method --- org.wso2.carbon.connector.integration.test.soundcloud.SoundcloudConnectorIntegrationTest.testSoundcloudAllCommentsPositive ----
[2014-07-04 15:38:29,859]  INFO {org.wso2.carbon.automation.core.PlatformTestManager:58} -  On test success..
[2014-07-04 15:38:29,860]  INFO {org.wso2.carbon.automation.core.PlatformTestManager:46} -  Running the test method --- org.wso2.carbon.connector.integration.test.soundcloud.SoundcloudConnectorIntegrationTest.testSoundcloudAllOwnActivitiesPositive ----
[2014-07-04 15:38:30,441]  INFO {org.wso2.carbon.automation.core.PlatformTestManager:58} -  On test success..
[2014-07-04 15:38:30,443]  INFO {org.wso2.carbon.automation.core.PlatformTestManager:46} -  Running the test method --- org.wso2.carbon.connector.integration.test.soundcloud.SoundcloudConnectorIntegrationTest.testSoundcloudCommentsNegative ----
[2014-07-04 15:38:30,840]  INFO {org.wso2.carbon.automation.core.PlatformTestManager:58} -  On test success..
[2014-07-04 15:38:30,842]  INFO {org.wso2.carbon.automation.core.PlatformTestManager:46} -  Running the test method --- org.wso2.carbon.connector.integration.test.soundcloud.SoundcloudConnectorIntegrationTest.testSoundcloudCommentsPositive ----
[2014-07-04 15:38:31,245]  INFO {org.wso2.carbon.automation.core.PlatformTestManager:58} -  On test success..
[2014-07-04 15:38:31,247]  INFO {org.wso2.carbon.automation.core.PlatformTestManager:46} -  Running the test method --- org.wso2.carbon.connector.integration.test.soundcloud.SoundcloudConnectorIntegrationTest.testSoundcloudGetConnectionByIdPositive ----
[2014-07-04 15:38:31,647]  INFO {org.wso2.carbon.automation.core.PlatformTestManager:58} -  On test success..
[2014-07-04 15:38:31,649]  INFO {org.wso2.carbon.automation.core.PlatformTestManager:46} -  Running the test method --- org.wso2.carbon.connector.integration.test.soundcloud.SoundcloudConnectorIntegrationTest.testSoundcloudGetConnectionsPositive ----
[2014-07-04 15:38:32,050]  INFO {org.wso2.carbon.automation.core.PlatformTestManager:58} -  On test success..
[2014-07-04 15:38:32,052]  INFO {org.wso2.carbon.automation.core.PlatformTestManager:46} -  Running the test method --- org.wso2.carbon.connector.integration.test.soundcloud.SoundcloudConnectorIntegrationTest.testSoundcloudGetMePositive ----
[2014-07-04 15:38:32,548]  INFO {org.wso2.carbon.automation.core.PlatformTestManager:58} -  On test success..
[2014-07-04 15:38:32,550]  INFO {org.wso2.carbon.automation.core.PlatformTestManager:46} -  Running the test method --- org.wso2.carbon.connector.integration.test.soundcloud.SoundcloudConnectorIntegrationTest.testSoundcloudGetUserCommentsPositive ----
[2014-07-04 15:38:33,355]  INFO {org.wso2.carbon.automation.core.PlatformTestManager:58} -  On test success..
[2014-07-04 15:38:33,357]  INFO {org.wso2.carbon.automation.core.PlatformTestManager:46} -  Running the test method --- org.wso2.carbon.connector.integration.test.soundcloud.SoundcloudConnectorIntegrationTest.testSoundcloudGetUserFavoritesPositive ----
[2014-07-04 15:38:33,823]  INFO {org.wso2.carbon.automation.core.PlatformTestManager:58} -  On test success..
[2014-07-04 15:38:33,825]  INFO {org.wso2.carbon.automation.core.PlatformTestManager:46} -  Running the test method --- org.wso2.carbon.connector.integration.test.soundcloud.SoundcloudConnectorIntegrationTest.testSoundcloudGetUserFollowersPositive ----
[2014-07-04 15:38:34,239]  INFO {org.wso2.carbon.automation.core.PlatformTestManager:58} -  On test success..
[2014-07-04 15:38:34,241]  INFO {org.wso2.carbon.automation.core.PlatformTestManager:46} -  Running the test method --- org.wso2.carbon.connector.integration.test.soundcloud.SoundcloudConnectorIntegrationTest.testSoundcloudGetUserFollowingsPositive ----
[2014-07-04 15:38:34,744]  INFO {org.wso2.carbon.automation.core.PlatformTestManager:58} -  On test success..
[2014-07-04 15:38:34,746]  INFO {org.wso2.carbon.automation.core.PlatformTestManager:46} -  Running the test method --- org.wso2.carbon.connector.integration.test.soundcloud.SoundcloudConnectorIntegrationTest.testSoundcloudGetUserGroupsPositive ----
[2014-07-04 15:38:35,180]  INFO {org.wso2.carbon.automation.core.PlatformTestManager:58} -  On test success..
[2014-07-04 15:38:35,182]  INFO {org.wso2.carbon.automation.core.PlatformTestManager:46} -  Running the test method --- org.wso2.carbon.connector.integration.test.soundcloud.SoundcloudConnectorIntegrationTest.testSoundcloudGetUserPlaylistsPositive ----
[2014-07-04 15:38:35,998]  INFO {org.wso2.carbon.automation.core.PlatformTestManager:58} -  On test success..
[2014-07-04 15:38:36,000]  INFO {org.wso2.carbon.automation.core.PlatformTestManager:46} -  Running the test method --- org.wso2.carbon.connector.integration.test.soundcloud.SoundcloudConnectorIntegrationTest.testSoundcloudGetUserPositive ----
[2014-07-04 15:38:36,339]  INFO {org.wso2.carbon.automation.core.PlatformTestManager:58} -  On test success..
[2014-07-04 15:38:36,341]  INFO {org.wso2.carbon.automation.core.PlatformTestManager:46} -  Running the test method --- org.wso2.carbon.connector.integration.test.soundcloud.SoundcloudConnectorIntegrationTest.testSoundcloudGetUserTracksPositive ----
[2014-07-04 15:38:36,701]  INFO {org.wso2.carbon.automation.core.PlatformTestManager:58} -  On test success..
[2014-07-04 15:38:36,703]  INFO {org.wso2.carbon.automation.core.PlatformTestManager:46} -  Running the test method --- org.wso2.carbon.connector.integration.test.soundcloud.SoundcloudConnectorIntegrationTest.testSoundcloudGetUserWebProfilesPositive ----
[2014-07-04 15:38:37,550]  INFO {org.wso2.carbon.automation.core.PlatformTestManager:58} -  On test success..
[2014-07-04 15:38:37,552]  INFO {org.wso2.carbon.automation.core.PlatformTestManager:46} -  Running the test method --- org.wso2.carbon.connector.integration.test.soundcloud.SoundcloudConnectorIntegrationTest.testSoundcloudSearchUserPositive ----
[2014-07-04 15:38:37,881]  INFO {org.wso2.carbon.automation.core.PlatformTestManager:58} -  On test success..
[2014-07-04 15:38:37,883]  INFO {org.wso2.carbon.automation.core.PlatformTestManager:46} -  Running the test method --- org.wso2.carbon.connector.integration.test.soundcloud.SoundcloudConnectorIntegrationTest.testSoundcloudSetConnectionsNegative ----
[2014-07-04 15:38:38,851]  INFO {org.wso2.carbon.automation.core.PlatformTestManager:58} -  On test success..
[2014-07-04 15:38:38,853]  INFO {org.wso2.carbon.automation.core.PlatformTestManager:46} -  Running the test method --- org.wso2.carbon.connector.integration.test.soundcloud.SoundcloudConnectorIntegrationTest.testSoundcloudSetConnectionsPositive ----
[2014-07-04 15:38:39,888]  INFO {org.wso2.carbon.automation.core.PlatformTestManager:58} -  On test success..
[2014-07-04 15:38:39,890]  INFO {org.wso2.carbon.automation.core.PlatformTestManager:46} -  Running the test method --- org.wso2.carbon.connector.integration.test.soundcloud.SoundcloudConnectorIntegrationTest.testSoundcloudgetAllCommentsNegative ----
[2014-07-04 15:38:40,314]  INFO {org.wso2.carbon.automation.core.PlatformTestManager:58} -  On test success..
[2014-07-04 15:38:40,316]  INFO {org.wso2.carbon.automation.core.PlatformTestManager:46} -  Running the test method --- org.wso2.carbon.connector.integration.test.soundcloud.SoundcloudConnectorIntegrationTest.testDeleteTrackWithNegativeCase ----
[2014-07-04 15:38:40,519]  INFO {org.wso2.carbon.automation.core.PlatformTestManager:58} -  On test success..
[2014-07-04 15:38:40,521]  INFO {org.wso2.carbon.automation.core.PlatformTestManager:46} -  Running the test method --- org.wso2.carbon.connector.integration.test.soundcloud.SoundcloudConnectorIntegrationTest.testGetAppByIdWithNegativeCase ----
[2014-07-04 15:38:40,898]  INFO {org.wso2.carbon.automation.core.PlatformTestManager:58} -  On test success..
[2014-07-04 15:38:40,899]  INFO {org.wso2.carbon.automation.core.PlatformTestManager:46} -  Running the test method --- org.wso2.carbon.connector.integration.test.soundcloud.SoundcloudConnectorIntegrationTest.testGetAppsWithNegativeCase ----
[2014-07-04 15:38:41,319]  INFO {org.wso2.carbon.automation.core.PlatformTestManager:58} -  On test success..
[2014-07-04 15:38:41,321]  INFO {org.wso2.carbon.automation.core.PlatformTestManager:46} -  Running the test method --- org.wso2.carbon.connector.integration.test.soundcloud.SoundcloudConnectorIntegrationTest.testGetCommentOfTrackWithNegativeCase ----
[2014-07-04 15:38:41,706]  INFO {org.wso2.carbon.automation.core.PlatformTestManager:58} -  On test success..
[2014-07-04 15:38:41,708]  INFO {org.wso2.carbon.automation.core.PlatformTestManager:46} -  Running the test method --- org.wso2.carbon.connector.integration.test.soundcloud.SoundcloudConnectorIntegrationTest.testGetCommentsByIdOfTrackWithNegativeCase ----
[2014-07-04 15:38:42,106]  INFO {org.wso2.carbon.automation.core.PlatformTestManager:58} -  On test success..
[2014-07-04 15:38:42,108]  INFO {org.wso2.carbon.automation.core.PlatformTestManager:46} -  Running the test method --- org.wso2.carbon.connector.integration.test.soundcloud.SoundcloudConnectorIntegrationTest.testGetContributorsOfGroupByIdWithNegativeCase ----
[2014-07-04 15:38:42,494]  INFO {org.wso2.carbon.automation.core.PlatformTestManager:58} -  On test success..
[2014-07-04 15:38:42,495]  INFO {org.wso2.carbon.automation.core.PlatformTestManager:46} -  Running the test method --- org.wso2.carbon.connector.integration.test.soundcloud.SoundcloudConnectorIntegrationTest.testGetEmbedContentWithNegativeCase ----
[2014-07-04 15:38:43,644]  INFO {org.wso2.carbon.automation.core.PlatformTestManager:58} -  On test success..
[2014-07-04 15:38:43,646]  INFO {org.wso2.carbon.automation.core.PlatformTestManager:46} -  Running the test method --- org.wso2.carbon.connector.integration.test.soundcloud.SoundcloudConnectorIntegrationTest.testGetFavoritersByIdOfTrackWithNegativeCase ----
[2014-07-04 15:38:44,020]  INFO {org.wso2.carbon.automation.core.PlatformTestManager:58} -  On test success..
[2014-07-04 15:38:44,021]  INFO {org.wso2.carbon.automation.core.PlatformTestManager:46} -  Running the test method --- org.wso2.carbon.connector.integration.test.soundcloud.SoundcloudConnectorIntegrationTest.testGetGroupByIdWithNegativeCase ----
[2014-07-04 15:38:44,610]  INFO {org.wso2.carbon.automation.core.PlatformTestManager:58} -  On test success..
[2014-07-04 15:38:44,611]  INFO {org.wso2.carbon.automation.core.PlatformTestManager:46} -  Running the test method --- org.wso2.carbon.connector.integration.test.soundcloud.SoundcloudConnectorIntegrationTest.testGetGroupsWithNegativeCase ----
[2014-07-04 15:38:45,291]  INFO {org.wso2.carbon.automation.core.PlatformTestManager:58} -  On test success..
[2014-07-04 15:38:45,292]  INFO {org.wso2.carbon.automation.core.PlatformTestManager:46} -  Running the test method --- org.wso2.carbon.connector.integration.test.soundcloud.SoundcloudConnectorIntegrationTest.testGetMembersOfGroupByIdWithNegativeCase ----
[2014-07-04 15:38:45,681]  INFO {org.wso2.carbon.automation.core.PlatformTestManager:58} -  On test success..
[2014-07-04 15:38:45,682]  INFO {org.wso2.carbon.automation.core.PlatformTestManager:46} -  Running the test method --- org.wso2.carbon.connector.integration.test.soundcloud.SoundcloudConnectorIntegrationTest.testGetModeratorsOfGroupByIdWithNegativeCase ----
[2014-07-04 15:38:46,089]  INFO {org.wso2.carbon.automation.core.PlatformTestManager:58} -  On test success..
[2014-07-04 15:38:46,090]  INFO {org.wso2.carbon.automation.core.PlatformTestManager:46} -  Running the test method --- org.wso2.carbon.connector.integration.test.soundcloud.SoundcloudConnectorIntegrationTest.testGetPlaylistByIdWithNegativeCase ----
[2014-07-04 15:38:46,509]  INFO {org.wso2.carbon.automation.core.PlatformTestManager:58} -  On test success..
[2014-07-04 15:38:46,511]  INFO {org.wso2.carbon.automation.core.PlatformTestManager:46} -  Running the test method --- org.wso2.carbon.connector.integration.test.soundcloud.SoundcloudConnectorIntegrationTest.testGetTrackByIdWithNegativeCase ----
[2014-07-04 15:38:46,926]  INFO {org.wso2.carbon.automation.core.PlatformTestManager:58} -  On test success..
[2014-07-04 15:38:46,927]  INFO {org.wso2.carbon.automation.core.PlatformTestManager:46} -  Running the test method --- org.wso2.carbon.connector.integration.test.soundcloud.SoundcloudConnectorIntegrationTest.testGetTracksOfAppWithNegativeCase ----
[2014-07-04 15:38:47,422]  INFO {org.wso2.carbon.automation.core.PlatformTestManager:58} -  On test success..
[2014-07-04 15:38:47,423]  INFO {org.wso2.carbon.automation.core.PlatformTestManager:46} -  Running the test method --- org.wso2.carbon.connector.integration.test.soundcloud.SoundcloudConnectorIntegrationTest.testGetTracksOfGroupByIdWithNegativeCase ----
[2014-07-04 15:38:47,876]  INFO {org.wso2.carbon.automation.core.PlatformTestManager:58} -  On test success..
[2014-07-04 15:38:47,877]  INFO {org.wso2.carbon.automation.core.PlatformTestManager:46} -  Running the test method --- org.wso2.carbon.connector.integration.test.soundcloud.SoundcloudConnectorIntegrationTest.testGetTracksWithNegativeCase ----
[2014-07-04 15:38:48,448]  INFO {org.wso2.carbon.automation.core.PlatformTestManager:58} -  On test success..
[2014-07-04 15:38:48,450]  INFO {org.wso2.carbon.automation.core.PlatformTestManager:46} -  Running the test method --- org.wso2.carbon.connector.integration.test.soundcloud.SoundcloudConnectorIntegrationTest.testGetUsersOfGroupByIdWithNegativeCase ----
[2014-07-04 15:38:48,864]  INFO {org.wso2.carbon.automation.core.PlatformTestManager:58} -  On test success..
[2014-07-04 15:38:48,866]  INFO {org.wso2.carbon.automation.core.PlatformTestManager:46} -  Running the test method --- org.wso2.carbon.connector.integration.test.soundcloud.SoundcloudConnectorIntegrationTest.testResolveAllGroupsOfUserWithNegativeCase ----
[2014-07-04 15:38:49,369]  INFO {org.wso2.carbon.automation.core.PlatformTestManager:58} -  On test success..
[2014-07-04 15:38:49,370]  INFO {org.wso2.carbon.automation.core.PlatformTestManager:46} -  Running the test method --- org.wso2.carbon.connector.integration.test.soundcloud.SoundcloudConnectorIntegrationTest.testResolveAllTracksOfUserWithNegativeCase ----
[2014-07-04 15:38:49,869]  INFO {org.wso2.carbon.automation.core.PlatformTestManager:58} -  On test success..
[2014-07-04 15:38:49,870]  INFO {org.wso2.carbon.automation.core.PlatformTestManager:46} -  Running the test method --- org.wso2.carbon.connector.integration.test.soundcloud.SoundcloudConnectorIntegrationTest.testResolveAppWithNegativeCase ----
[2014-07-04 15:38:50,379]  INFO {org.wso2.carbon.automation.core.PlatformTestManager:58} -  On test success..
[2014-07-04 15:38:50,380]  INFO {org.wso2.carbon.automation.core.PlatformTestManager:46} -  Running the test method --- org.wso2.carbon.connector.integration.test.soundcloud.SoundcloudConnectorIntegrationTest.testResolveTrackWithNegativeCase ----
[2014-07-04 15:38:50,794]  INFO {org.wso2.carbon.automation.core.PlatformTestManager:58} -  On test success..
[2014-07-04 15:38:50,795]  INFO {org.wso2.carbon.automation.core.PlatformTestManager:46} -  Running the test method --- org.wso2.carbon.connector.integration.test.soundcloud.SoundcloudConnectorIntegrationTest.testResolveUserWithNegativeCase ----
[2014-07-04 15:38:51,246]  INFO {org.wso2.carbon.automation.core.PlatformTestManager:58} -  On test success..
[2014-07-04 15:38:51,247]  INFO {org.wso2.carbon.automation.core.PlatformTestManager:46} -  Running the test method --- org.wso2.carbon.connector.integration.test.soundcloud.SoundcloudConnectorIntegrationTest.testSoundcloudActivitiesAffiliatedNegative ----
[2014-07-04 15:38:52,263]  INFO {org.wso2.carbon.automation.core.PlatformTestManager:58} -  On test success..
[2014-07-04 15:38:52,265]  INFO {org.wso2.carbon.automation.core.PlatformTestManager:46} -  Running the test method --- org.wso2.carbon.connector.integration.test.soundcloud.SoundcloudConnectorIntegrationTest.testSoundcloudActivitiesExclusiveNegative ----
[2014-07-04 15:38:52,762]  INFO {org.wso2.carbon.automation.core.PlatformTestManager:58} -  On test success..
[2014-07-04 15:38:52,763]  INFO {org.wso2.carbon.automation.core.PlatformTestManager:46} -  Running the test method --- org.wso2.carbon.connector.integration.test.soundcloud.SoundcloudConnectorIntegrationTest.testSoundcloudActivitiesNegative ----
[2014-07-04 15:38:53,401]  INFO {org.wso2.carbon.automation.core.PlatformTestManager:58} -  On test success..
[2014-07-04 15:38:53,402]  INFO {org.wso2.carbon.automation.core.PlatformTestManager:46} -  Running the test method --- org.wso2.carbon.connector.integration.test.soundcloud.SoundcloudConnectorIntegrationTest.testSoundcloudAllActivitiesNegative ----
[2014-07-04 15:38:53,807]  INFO {org.wso2.carbon.automation.core.PlatformTestManager:58} -  On test success..
[2014-07-04 15:38:53,809]  INFO {org.wso2.carbon.automation.core.PlatformTestManager:46} -  Running the test method --- org.wso2.carbon.connector.integration.test.soundcloud.SoundcloudConnectorIntegrationTest.testSoundcloudAllOwnActivitiesNegative ----
[2014-07-04 15:38:54,189]  INFO {org.wso2.carbon.automation.core.PlatformTestManager:58} -  On test success..
[2014-07-04 15:38:54,191]  INFO {org.wso2.carbon.automation.core.PlatformTestManager:46} -  Running the test method --- org.wso2.carbon.connector.integration.test.soundcloud.SoundcloudConnectorIntegrationTest.testSoundcloudGetConnectionByIdNegative ----
[2014-07-04 15:38:54,570]  INFO {org.wso2.carbon.automation.core.PlatformTestManager:58} -  On test success..
[2014-07-04 15:38:54,571]  INFO {org.wso2.carbon.automation.core.PlatformTestManager:46} -  Running the test method --- org.wso2.carbon.connector.integration.test.soundcloud.SoundcloudConnectorIntegrationTest.testSoundcloudGetConnectionsNegative ----
[2014-07-04 15:38:54,978]  INFO {org.wso2.carbon.automation.core.PlatformTestManager:58} -  On test success..
[2014-07-04 15:38:54,979]  INFO {org.wso2.carbon.automation.core.PlatformTestManager:46} -  Running the test method --- org.wso2.carbon.connector.integration.test.soundcloud.SoundcloudConnectorIntegrationTest.testSoundcloudGetMeNegative ----
[2014-07-04 15:38:55,992]  INFO {org.wso2.carbon.automation.core.PlatformTestManager:58} -  On test success..
[2014-07-04 15:38:55,994]  INFO {org.wso2.carbon.automation.core.PlatformTestManager:46} -  Running the test method --- org.wso2.carbon.connector.integration.test.soundcloud.SoundcloudConnectorIntegrationTest.testSoundcloudGetUserCommentsNegative ----
[2014-07-04 15:38:56,398]  INFO {org.wso2.carbon.automation.core.PlatformTestManager:58} -  On test success..
[2014-07-04 15:38:56,400]  INFO {org.wso2.carbon.automation.core.PlatformTestManager:46} -  Running the test method --- org.wso2.carbon.connector.integration.test.soundcloud.SoundcloudConnectorIntegrationTest.testSoundcloudGetUserFavoritesNegative ----
[2014-07-04 15:38:56,795]  INFO {org.wso2.carbon.automation.core.PlatformTestManager:58} -  On test success..
[2014-07-04 15:38:56,796]  INFO {org.wso2.carbon.automation.core.PlatformTestManager:46} -  Running the test method --- org.wso2.carbon.connector.integration.test.soundcloud.SoundcloudConnectorIntegrationTest.testSoundcloudGetUserFollowersNegative ----
[2014-07-04 15:38:57,167]  INFO {org.wso2.carbon.automation.core.PlatformTestManager:58} -  On test success..
[2014-07-04 15:38:57,168]  INFO {org.wso2.carbon.automation.core.PlatformTestManager:46} -  Running the test method --- org.wso2.carbon.connector.integration.test.soundcloud.SoundcloudConnectorIntegrationTest.testSoundcloudGetUserFollowingsNegative ----
[2014-07-04 15:38:57,545]  INFO {org.wso2.carbon.automation.core.PlatformTestManager:58} -  On test success..
[2014-07-04 15:38:57,546]  INFO {org.wso2.carbon.automation.core.PlatformTestManager:46} -  Running the test method --- org.wso2.carbon.connector.integration.test.soundcloud.SoundcloudConnectorIntegrationTest.testSoundcloudGetUserGroupsNegative ----
[2014-07-04 15:38:58,051]  INFO {org.wso2.carbon.automation.core.PlatformTestManager:58} -  On test success..
[2014-07-04 15:38:58,052]  INFO {org.wso2.carbon.automation.core.PlatformTestManager:46} -  Running the test method --- org.wso2.carbon.connector.integration.test.soundcloud.SoundcloudConnectorIntegrationTest.testSoundcloudGetUserNegative ----
[2014-07-04 15:38:58,426]  INFO {org.wso2.carbon.automation.core.PlatformTestManager:58} -  On test success..
[2014-07-04 15:38:58,427]  INFO {org.wso2.carbon.automation.core.PlatformTestManager:46} -  Running the test method --- org.wso2.carbon.connector.integration.test.soundcloud.SoundcloudConnectorIntegrationTest.testSoundcloudGetUserPlaylistsNegative ----
[2014-07-04 15:38:58,820]  INFO {org.wso2.carbon.automation.core.PlatformTestManager:58} -  On test success..
[2014-07-04 15:38:58,821]  INFO {org.wso2.carbon.automation.core.PlatformTestManager:46} -  Running the test method --- org.wso2.carbon.connector.integration.test.soundcloud.SoundcloudConnectorIntegrationTest.testSoundcloudGetUserTracksNegative ----
[2014-07-04 15:38:59,206]  INFO {org.wso2.carbon.automation.core.PlatformTestManager:58} -  On test success..
[2014-07-04 15:38:59,207]  INFO {org.wso2.carbon.automation.core.PlatformTestManager:46} -  Running the test method --- org.wso2.carbon.connector.integration.test.soundcloud.SoundcloudConnectorIntegrationTest.testSoundcloudGetUserWebProfilesNegative ----
[2014-07-04 15:38:59,739]  INFO {org.wso2.carbon.automation.core.PlatformTestManager:58} -  On test success..
[2014-07-04 15:38:59,741]  INFO {org.wso2.carbon.automation.core.PlatformTestManager:46} -  Running the test method --- org.wso2.carbon.connector.integration.test.soundcloud.SoundcloudConnectorIntegrationTest.testSoundcloudSearchUserNegative ----
[2014-07-04 15:39:00,639]  INFO {org.wso2.carbon.automation.core.PlatformTestManager:58} -  On test success..
[2014-07-04 15:39:00,640]  INFO {org.wso2.carbon.automation.core.PlatformTestManager:46} -  Running the test method --- org.wso2.carbon.connector.integration.test.soundcloud.SoundcloudConnectorIntegrationTest.testUpdateTrackWithNegativeCase ----
[2014-07-04 15:39:01,058]  INFO {org.wso2.carbon.automation.core.PlatformTestManager:58} -  On test success..
[2014-07-04 15:39:01,060]  INFO {org.wso2.carbon.automation.core.PlatformTestManager:46} -  Running the test method --- org.wso2.carbon.connector.integration.test.soundcloud.SoundcloudConnectorIntegrationTest.testGetGroupsWithOptionalParameters ----
[2014-07-04 15:39:04,070]  INFO {org.wso2.carbon.automation.core.PlatformTestManager:58} -  On test success..
[2014-07-04 15:39:04,071]  INFO {org.wso2.carbon.automation.core.PlatformTestManager:46} -  Running the test method --- org.wso2.carbon.connector.integration.test.soundcloud.SoundcloudConnectorIntegrationTest.testGetTracksOfAppWithOptionalParameters ----
[2014-07-04 15:39:04,754]  INFO {org.wso2.carbon.automation.core.PlatformTestManager:58} -  On test success..
[2014-07-04 15:39:04,756]  INFO {org.wso2.carbon.automation.core.PlatformTestManager:46} -  Running the test method --- org.wso2.carbon.connector.integration.test.soundcloud.SoundcloudConnectorIntegrationTest.testGetTracksWithOptionalParameters ----
[2014-07-04 15:39:05,110]  INFO {org.wso2.carbon.automation.core.PlatformTestManager:58} -  On test success..
[2014-07-04 15:39:05,112]  INFO {org.wso2.carbon.automation.core.PlatformTestManager:46} -  Running the test method --- org.wso2.carbon.connector.integration.test.soundcloud.SoundcloudConnectorIntegrationTest.testSoundcloudActivitiesOptional ----
[2014-07-04 15:39:06,844]  INFO {org.wso2.carbon.automation.core.PlatformTestManager:58} -  On test success..
[2014-07-04 15:39:06,845]  INFO {org.wso2.carbon.automation.core.PlatformTestManager:46} -  Running the test method --- org.wso2.carbon.connector.integration.test.soundcloud.SoundcloudConnectorIntegrationTest.testSoundcloudAllActivitiesOptional ----
[2014-07-04 15:39:07,327]  INFO {org.wso2.carbon.automation.core.PlatformTestManager:58} -  On test success..
[2014-07-04 15:39:07,328]  INFO {org.wso2.carbon.automation.core.PlatformTestManager:46} -  Running the test method --- org.wso2.carbon.connector.integration.test.soundcloud.SoundcloudConnectorIntegrationTest.testSoundcloudAllOwnActivitiesOptional ----
[2014-07-04 15:39:07,810]  INFO {org.wso2.carbon.automation.core.PlatformTestManager:58} -  On test success..
[2014-07-04 15:39:07,811]  INFO {org.wso2.carbon.automation.core.PlatformTestManager:46} -  Running the test method --- org.wso2.carbon.connector.integration.test.soundcloud.SoundcloudConnectorIntegrationTest.testSoundcloudSearchUsersOptional ----
[2014-07-04 15:39:08,146]  INFO {org.wso2.carbon.automation.core.PlatformTestManager:58} -  On test success..
[2014-07-04 15:39:08,147]  INFO {org.wso2.carbon.automation.core.PlatformTestManager:46} -  Running the test method --- org.wso2.carbon.connector.integration.test.soundcloud.SoundcloudConnectorIntegrationTest.testUpdateTrackWithOptionalParameters ----
[2014-07-04 15:39:09,060]  INFO {org.wso2.carbon.automation.core.PlatformTestManager:58} -  On test success..
[2014-07-04 15:39:09,149]  INFO {org.wso2.carbon.automation.api.clients.proxy.admin.ProxyServiceAdminClient:162} -  Proxy Deleted
[2014-07-04 15:39:09,198]  INFO {org.wso2.carbon.automation.core.PlatformTestManager:129} -  --------------Finishing executing test class Soundcloud-Connector-Test on suiteESBTestSuite--------
[2014-07-04 15:39:09,202]  INFO {org.wso2.carbon.automation.core.PlatformSuiteManager:134} -  ***********Finishing executing test Suite ESBTestSuite on user*******
[2014-07-04 15:39:09,203]  INFO {org.wso2.carbon.automation.core.PlatformExecutionManager:176} -  ---------------Test Execution Finished --------------------------
[2014-07-04 15:39:09,346]  INFO {org.wso2.carbon.automation.core.PlatformReportManager:44} -  ----/home/manil/projects/github/esb-connectors/soundcloud/soundcloud-connector/souncloud-connector-1.0.0/target/surefire-reports/ESBTestSuite---------
